<?xml version="1.0" encoding="UTF-8"?>
<testng-results skipped="0" failed="0" total="1" passed="1">
  <reporter-output>
  </reporter-output>
  <suite name="Default suite" duration-ms="36" started-at="2020-03-28T12:02:47Z" finished-at="2020-03-28T12:02:47Z">
    <groups>
    </groups>
    <test name="Default test" duration-ms="36" started-at="2020-03-28T12:02:47Z" finished-at="2020-03-28T12:02:47Z">
      <class name="collectionPackage.Reflection1">
        <test-method status="PASS" signature="before(java.lang.reflect.Method)[pri:0, instance:collectionPackage.Reflection1@7f9a81e8]" name="before" is-config="true" duration-ms="6" started-at="2020-03-28T17:32:47Z" finished-at="2020-03-28T17:32:47Z">
          <params>
            <param index="0">
              <value>
                <![CDATA[public void collectionPackage.Reflection1.login()]]>
              </value>
            </param>
          </params>
          <reporter-output>
          </reporter-output>
        </test-method> <!-- before -->
        <test-method status="PASS" signature="login()[pri:0, instance:collectionPackage.Reflection1@7f9a81e8]" name="login" duration-ms="6" started-at="2020-03-28T17:32:47Z" finished-at="2020-03-28T17:32:47Z">
          <reporter-output>
          </reporter-output>
        </test-method> <!-- login -->
        <test-method status="PASS" signature="after(org.testng.ITestResult)[pri:0, instance:collectionPackage.Reflection1@7f9a81e8]" name="after" is-config="true" duration-ms="1" started-at="2020-03-28T17:32:47Z" finished-at="2020-03-28T17:32:47Z">
          <params>
            <param index="0">
              <value>
                <![CDATA[[TestResult name=login status=SUCCESS method=Reflection1.login()[pri:0, instance:collectionPackage.Reflection1@7f9a81e8] output={null}]]]>
              </value>
            </param>
          </params>
          <reporter-output>
          </reporter-output>
        </test-method> <!-- after -->
      </class> <!-- collectionPackage.Reflection1 -->
    </test> <!-- Default test -->
  </suite> <!-- Default suite -->
</testng-results>
